c:\users\liam\documents\programming\c++\comp_392_advancedgraphics2\everythingelse\vulkanproject\vulkanproject\x64\debug\vc143.pdb
c:\users\liam\documents\programming\c++\comp_392_advancedgraphics2\everythingelse\vulkanproject\vulkanproject\x64\debug\vc143.idb
c:\users\liam\documents\programming\c++\comp_392_advancedgraphics2\everythingelse\vulkanproject\vulkanproject\x64\debug\simple_render_system.obj
c:\users\liam\documents\programming\c++\comp_392_advancedgraphics2\everythingelse\vulkanproject\vulkanproject\x64\debug\point_light_system.obj
c:\users\liam\documents\programming\c++\comp_392_advancedgraphics2\everythingelse\vulkanproject\vulkanproject\x64\debug\main.obj
c:\users\liam\documents\programming\c++\comp_392_advancedgraphics2\everythingelse\vulkanproject\vulkanproject\x64\debug\lve_window.obj
c:\users\liam\documents\programming\c++\comp_392_advancedgraphics2\everythingelse\vulkanproject\vulkanproject\x64\debug\lve_swap_chain.obj
c:\users\liam\documents\programming\c++\comp_392_advancedgraphics2\everythingelse\vulkanproject\vulkanproject\x64\debug\lve_renderer.obj
c:\users\liam\documents\programming\c++\comp_392_advancedgraphics2\everythingelse\vulkanproject\vulkanproject\x64\debug\lve_pipeline.obj
c:\users\liam\documents\programming\c++\comp_392_advancedgraphics2\everythingelse\vulkanproject\vulkanproject\x64\debug\lve_model.obj
c:\users\liam\documents\programming\c++\comp_392_advancedgraphics2\everythingelse\vulkanproject\vulkanproject\x64\debug\lve_game_object.obj
c:\users\liam\documents\programming\c++\comp_392_advancedgraphics2\everythingelse\vulkanproject\vulkanproject\x64\debug\lve_device.obj
c:\users\liam\documents\programming\c++\comp_392_advancedgraphics2\everythingelse\vulkanproject\vulkanproject\x64\debug\lve_descriptors.obj
c:\users\liam\documents\programming\c++\comp_392_advancedgraphics2\everythingelse\vulkanproject\vulkanproject\x64\debug\lve_camera.obj
c:\users\liam\documents\programming\c++\comp_392_advancedgraphics2\everythingelse\vulkanproject\vulkanproject\x64\debug\lve_buffer.obj
c:\users\liam\documents\programming\c++\comp_392_advancedgraphics2\everythingelse\vulkanproject\vulkanproject\x64\debug\lve_animation.obj
c:\users\liam\documents\programming\c++\comp_392_advancedgraphics2\everythingelse\vulkanproject\vulkanproject\x64\debug\keyboard_movement_controller.obj
c:\users\liam\documents\programming\c++\comp_392_advancedgraphics2\everythingelse\vulkanproject\vulkanproject\x64\debug\first_app.obj
c:\users\liam\documents\programming\c++\comp_392_advancedgraphics2\everythingelse\vulkanproject\x64\debug\vulkanproject.exe
c:\users\liam\documents\programming\c++\comp_392_advancedgraphics2\everythingelse\vulkanproject\vulkanproject\x64\debug\vulkanproject.ilk
c:\users\liam\documents\programming\c++\comp_392_advancedgraphics2\everythingelse\vulkanproject\x64\debug\vulkanproject.pdb
c:\users\liam\documents\programming\c++\comp_392_advancedgraphics2\everythingelse\vulkanproject\vulkanproject\x64\debug\vulkanproject.tlog\cl.command.1.tlog
c:\users\liam\documents\programming\c++\comp_392_advancedgraphics2\everythingelse\vulkanproject\vulkanproject\x64\debug\vulkanproject.tlog\cl.items.tlog
c:\users\liam\documents\programming\c++\comp_392_advancedgraphics2\everythingelse\vulkanproject\vulkanproject\x64\debug\vulkanproject.tlog\cl.read.1.tlog
c:\users\liam\documents\programming\c++\comp_392_advancedgraphics2\everythingelse\vulkanproject\vulkanproject\x64\debug\vulkanproject.tlog\cl.write.1.tlog
c:\users\liam\documents\programming\c++\comp_392_advancedgraphics2\everythingelse\vulkanproject\vulkanproject\x64\debug\vulkanproject.tlog\link.command.1.tlog
c:\users\liam\documents\programming\c++\comp_392_advancedgraphics2\everythingelse\vulkanproject\vulkanproject\x64\debug\vulkanproject.tlog\link.read.1.tlog
c:\users\liam\documents\programming\c++\comp_392_advancedgraphics2\everythingelse\vulkanproject\vulkanproject\x64\debug\vulkanproject.tlog\link.write.1.tlog
