  first_app.cpp
  keyboard_movement_controller.cpp
  lve_animation.cpp
C:\Program Files\Microsoft Visual Studio\2022\Community\VC\Tools\MSVC\14.36.32532\include\numbers(12): warning STL4038: The contents of <numbers> are available only with C++20 or later.
  lve_buffer.cpp
  lve_descriptors.cpp
C:\Users\Liam\Documents\Programming\C++\COMP_392_AdvancedGraphics2\EverythingElse\VulkanProject\VulkanProject\lve_descriptors.cpp(214,62): warning C4267: 'argument': conversion from 'size_t' to 'uint32_t', possible loss of data
  lve_device.cpp
  lve_pipeline.cpp
  lve_renderer.cpp
  lve_swap_chain.cpp
  lve_window.cpp
  main.cpp
  point_light_system.cpp
  simple_render_system.cpp
  Generating code
  133 of 4111 functions ( 3.2%) were compiled, the rest were copied from previous compilation.
    61 functions were new in current compilation
    177 functions had inline decision re-evaluated but remain unchanged
  Finished generating code
  VulkanProject.vcxproj -> C:\Users\Liam\Documents\Programming\C++\COMP_392_AdvancedGraphics2\EverythingElse\VulkanProject\x64\Release\VulkanProject.exe
