c:\users\liam\documents\programming\c++\comp_392_advancedgraphics2\everythingelse\vulkanproject\vulkanproject\x64\release\vc143.pdb
c:\users\liam\documents\programming\c++\comp_392_advancedgraphics2\everythingelse\vulkanproject\vulkanproject\x64\release\simple_render_system.obj
c:\users\liam\documents\programming\c++\comp_392_advancedgraphics2\everythingelse\vulkanproject\vulkanproject\x64\release\point_light_system.obj
c:\users\liam\documents\programming\c++\comp_392_advancedgraphics2\everythingelse\vulkanproject\vulkanproject\x64\release\main.obj
c:\users\liam\documents\programming\c++\comp_392_advancedgraphics2\everythingelse\vulkanproject\vulkanproject\x64\release\lve_window.obj
c:\users\liam\documents\programming\c++\comp_392_advancedgraphics2\everythingelse\vulkanproject\vulkanproject\x64\release\lve_swap_chain.obj
c:\users\liam\documents\programming\c++\comp_392_advancedgraphics2\everythingelse\vulkanproject\vulkanproject\x64\release\lve_renderer.obj
c:\users\liam\documents\programming\c++\comp_392_advancedgraphics2\everythingelse\vulkanproject\vulkanproject\x64\release\lve_pipeline.obj
c:\users\liam\documents\programming\c++\comp_392_advancedgraphics2\everythingelse\vulkanproject\vulkanproject\x64\release\lve_model.obj
c:\users\liam\documents\programming\c++\comp_392_advancedgraphics2\everythingelse\vulkanproject\vulkanproject\x64\release\lve_game_object.obj
c:\users\liam\documents\programming\c++\comp_392_advancedgraphics2\everythingelse\vulkanproject\vulkanproject\x64\release\lve_device.obj
c:\users\liam\documents\programming\c++\comp_392_advancedgraphics2\everythingelse\vulkanproject\vulkanproject\x64\release\lve_descriptors.obj
c:\users\liam\documents\programming\c++\comp_392_advancedgraphics2\everythingelse\vulkanproject\vulkanproject\x64\release\lve_camera.obj
c:\users\liam\documents\programming\c++\comp_392_advancedgraphics2\everythingelse\vulkanproject\vulkanproject\x64\release\lve_buffer.obj
c:\users\liam\documents\programming\c++\comp_392_advancedgraphics2\everythingelse\vulkanproject\vulkanproject\x64\release\lve_animation.obj
c:\users\liam\documents\programming\c++\comp_392_advancedgraphics2\everythingelse\vulkanproject\vulkanproject\x64\release\keyboard_movement_controller.obj
c:\users\liam\documents\programming\c++\comp_392_advancedgraphics2\everythingelse\vulkanproject\vulkanproject\x64\release\first_app.obj
c:\users\liam\documents\programming\c++\comp_392_advancedgraphics2\everythingelse\vulkanproject\x64\release\vulkanproject.exe
c:\users\liam\documents\programming\c++\comp_392_advancedgraphics2\everythingelse\vulkanproject\vulkanproject\x64\release\vulkanproject.ipdb
c:\users\liam\documents\programming\c++\comp_392_advancedgraphics2\everythingelse\vulkanproject\x64\release\vulkanproject.pdb
c:\users\liam\documents\programming\c++\comp_392_advancedgraphics2\everythingelse\vulkanproject\vulkanproject\x64\release\vulkanproject.iobj
c:\users\liam\documents\programming\c++\comp_392_advancedgraphics2\everythingelse\vulkanproject\vulkanproject\x64\release\vulkanproject.tlog\cl.command.1.tlog
c:\users\liam\documents\programming\c++\comp_392_advancedgraphics2\everythingelse\vulkanproject\vulkanproject\x64\release\vulkanproject.tlog\cl.items.tlog
c:\users\liam\documents\programming\c++\comp_392_advancedgraphics2\everythingelse\vulkanproject\vulkanproject\x64\release\vulkanproject.tlog\cl.read.1.tlog
c:\users\liam\documents\programming\c++\comp_392_advancedgraphics2\everythingelse\vulkanproject\vulkanproject\x64\release\vulkanproject.tlog\cl.write.1.tlog
c:\users\liam\documents\programming\c++\comp_392_advancedgraphics2\everythingelse\vulkanproject\vulkanproject\x64\release\vulkanproject.tlog\link.command.1.tlog
c:\users\liam\documents\programming\c++\comp_392_advancedgraphics2\everythingelse\vulkanproject\vulkanproject\x64\release\vulkanproject.tlog\link.read.1.tlog
c:\users\liam\documents\programming\c++\comp_392_advancedgraphics2\everythingelse\vulkanproject\vulkanproject\x64\release\vulkanproject.tlog\link.write.1.tlog
